<?xml version="1.0" encoding="UTF-8"?>
<!-- Generated by org.testng.reporters.JUnitXMLReporter -->
<testsuite ignored="1" hostname="Vishal-ASUS" failures="0" tests="2" name="Default test" time="7.25" errors="0" timestamp="2024-07-26T06:42:55 IST">
  <testcase classname="testSuite.ProductCatalogPageTest" name="checkBlinkText" time="0.537"/>
  <testcase classname="testSuite.ProductCatalogPageTest" name="checkBlinkText" time="0.583"/>
  <testcase classname="testSuite.ProductCatalogPageTest" name="errorMessageonLoginTest" time="0.0">
    <ignored/>
  </testcase> <!-- errorMessageonLoginTest -->
</testsuite> <!-- Default test -->
