<?xml version="1.0" encoding="UTF-8"?>
<!-- Generated by org.testng.reporters.JUnitXMLReporter -->
<testsuite ignored="2" hostname="Vishal-ASUS" failures="0" tests="9" name="Test" time="98.724" errors="0" timestamp="2024-07-26T12:01:51 IST">
  <testcase classname="testSuite.ProductCatalogPageTest" name="checkBlinkText" time="0.698"/>
  <testcase classname="testSuite.ProductCatalogPageTest" name="checkBlinkText" time="0.592"/>
  <testcase classname="testSuite.ProductCatalogPageTest" name="checkBlinkText" time="0.619"/>
  <testcase classname="testSuite.ProductCatalogPageTest" name="checkBlinkText" time="0.552"/>
  <testcase classname="testSuite.E2ETests" name="PurchasemultipleProduct" time="17.645"/>
  <testcase classname="testSuite.E2ETests" name="PurchasemultipleProduct" time="17.409"/>
  <testcase classname="testSuite.E2ETests" name="PurchasemultipleProduct" time="17.329"/>
  <testcase classname="testSuite.E2ETests" name="PurchasemultipleProduct" time="17.397"/>
  <testcase classname="testSuite.LandingPageTests" name="errorMessageonLoginTest" time="0.44"/>
  <testcase classname="testSuite.E2ETests" name="PurchaseProduct" time="0.0">
    <ignored/>
  </testcase> <!-- PurchaseProduct -->
  <testcase classname="testSuite.ProductCatalogPageTest" name="errorMessageonLoginTest" time="0.0">
    <ignored/>
  </testcase> <!-- errorMessageonLoginTest -->
</testsuite> <!-- Test -->
