<?xml version="1.0" encoding="UTF-8"?>
<testng-results ignored="0" total="9" passed="9" failed="0" skipped="0">
  <reporter-output>
  </reporter-output>
  <suite started-at="2024-07-26T12:00:12 IST" name="Suite" finished-at="2024-07-26T12:01:51 IST" duration-ms="98724">
    <groups>
      <group name="Regression">
        <method signature="E2ETests.PurchasemultipleProduct(java.util.HashMap)[pri:0, instance:testSuite.E2ETests@48e92c5c]" name="PurchasemultipleProduct" class="testSuite.E2ETests"/>
        <method signature="LandingPageTests.errorMessageonLoginTest()[pri:0, instance:testSuite.LandingPageTests@2e1ef60]" name="errorMessageonLoginTest" class="testSuite.LandingPageTests"/>
        <method signature="ProductCatalogPageTest.checkBlinkText(java.util.HashMap)[pri:0, instance:testSuite.ProductCatalogPageTest@2f16c6b3]" name="checkBlinkText" class="testSuite.ProductCatalogPageTest"/>
      </group> <!-- Regression -->
    </groups>
    <test started-at="2024-07-26T12:00:12 IST" name="Test" finished-at="2024-07-26T12:01:51 IST" duration-ms="98724">
      <class name="testSuite.E2ETests">
        <test-method is-config="true" signature="launchApplication()[pri:0, instance:testSuite.E2ETests@48e92c5c]" started-at="2024-07-26T12:00:27 IST" name="launchApplication" finished-at="2024-07-26T12:00:29 IST" duration-ms="1772" status="PASS">
          <reporter-output>
          </reporter-output>
        </test-method> <!-- launchApplication -->
        <test-method signature="PurchasemultipleProduct(java.util.HashMap)[pri:0, instance:testSuite.E2ETests@48e92c5c]" started-at="2024-07-26T12:00:29 IST" name="PurchasemultipleProduct" data-provider="CorrectdataPro" finished-at="2024-07-26T12:00:46 IST" duration-ms="17645" status="PASS">
          <params>
            <param index="0">
              <value>
                <![CDATA[{password=Iamking@000, product=ZARA COAT 3, username=shetty@gmail.com}]]>
              </value>
            </param>
          </params>
          <reporter-output>
          </reporter-output>
        </test-method> <!-- PurchasemultipleProduct -->
        <test-method is-config="true" signature="tearDown()[pri:0, instance:testSuite.E2ETests@48e92c5c]" started-at="2024-07-26T12:00:46 IST" name="tearDown" finished-at="2024-07-26T12:00:47 IST" duration-ms="245" status="PASS">
          <reporter-output>
          </reporter-output>
        </test-method> <!-- tearDown -->
        <test-method is-config="true" signature="launchApplication()[pri:0, instance:testSuite.E2ETests@48e92c5c]" started-at="2024-07-26T12:00:47 IST" name="launchApplication" finished-at="2024-07-26T12:00:49 IST" duration-ms="2747" status="PASS">
          <reporter-output>
          </reporter-output>
        </test-method> <!-- launchApplication -->
        <test-method signature="PurchasemultipleProduct(java.util.HashMap)[pri:0, instance:testSuite.E2ETests@48e92c5c]" started-at="2024-07-26T12:00:49 IST" name="PurchasemultipleProduct" data-provider="CorrectdataPro" finished-at="2024-07-26T12:01:07 IST" duration-ms="17409" status="PASS">
          <params>
            <param index="0">
              <value>
                <![CDATA[{password=Password1234, product=ZARA COAT 3, username=Udemyselenium@gmail.com}]]>
              </value>
            </param>
          </params>
          <reporter-output>
          </reporter-output>
        </test-method> <!-- PurchasemultipleProduct -->
        <test-method is-config="true" signature="tearDown()[pri:0, instance:testSuite.E2ETests@48e92c5c]" started-at="2024-07-26T12:01:07 IST" name="tearDown" finished-at="2024-07-26T12:01:07 IST" duration-ms="191" status="PASS">
          <reporter-output>
          </reporter-output>
        </test-method> <!-- tearDown -->
        <test-method is-config="true" signature="launchApplication()[pri:0, instance:testSuite.E2ETests@48e92c5c]" started-at="2024-07-26T12:01:07 IST" name="launchApplication" finished-at="2024-07-26T12:01:10 IST" duration-ms="2759" status="PASS">
          <reporter-output>
          </reporter-output>
        </test-method> <!-- launchApplication -->
        <test-method signature="PurchasemultipleProduct(java.util.HashMap)[pri:0, instance:testSuite.E2ETests@48e92c5c]" started-at="2024-07-26T12:01:10 IST" name="PurchasemultipleProduct" data-provider="CorrectdataPro" finished-at="2024-07-26T12:01:27 IST" duration-ms="17329" status="PASS">
          <params>
            <param index="0">
              <value>
                <![CDATA[{password=Password1234, product=ZARA COAT 3, username=Udemyselenium@gmail.com}]]>
              </value>
            </param>
          </params>
          <reporter-output>
          </reporter-output>
        </test-method> <!-- PurchasemultipleProduct -->
        <test-method is-config="true" signature="tearDown()[pri:0, instance:testSuite.E2ETests@48e92c5c]" started-at="2024-07-26T12:01:27 IST" name="tearDown" finished-at="2024-07-26T12:01:27 IST" duration-ms="188" status="PASS">
          <reporter-output>
          </reporter-output>
        </test-method> <!-- tearDown -->
        <test-method is-config="true" signature="launchApplication()[pri:0, instance:testSuite.E2ETests@48e92c5c]" started-at="2024-07-26T12:01:27 IST" name="launchApplication" finished-at="2024-07-26T12:01:30 IST" duration-ms="2834" status="PASS">
          <reporter-output>
          </reporter-output>
        </test-method> <!-- launchApplication -->
        <test-method signature="PurchasemultipleProduct(java.util.HashMap)[pri:0, instance:testSuite.E2ETests@48e92c5c]" started-at="2024-07-26T12:01:30 IST" name="PurchasemultipleProduct" data-provider="CorrectdataPro" finished-at="2024-07-26T12:01:47 IST" duration-ms="17397" status="PASS">
          <params>
            <param index="0">
              <value>
                <![CDATA[{password=Password1234, product=ZARA COAT 3, username=Udemyselenium@gmail.com}]]>
              </value>
            </param>
          </params>
          <reporter-output>
          </reporter-output>
        </test-method> <!-- PurchasemultipleProduct -->
        <test-method is-config="true" signature="tearDown()[pri:0, instance:testSuite.E2ETests@48e92c5c]" started-at="2024-07-26T12:01:47 IST" name="tearDown" finished-at="2024-07-26T12:01:48 IST" duration-ms="204" status="PASS">
          <reporter-output>
          </reporter-output>
        </test-method> <!-- tearDown -->
      </class> <!-- testSuite.E2ETests -->
      <class name="testSuite.ProductCatalogPageTest">
        <test-method is-config="true" signature="launchApplication()[pri:0, instance:testSuite.ProductCatalogPageTest@2f16c6b3]" started-at="2024-07-26T12:00:12 IST" name="launchApplication" finished-at="2024-07-26T12:00:16 IST" duration-ms="3152" status="PASS">
          <reporter-output>
          </reporter-output>
        </test-method> <!-- launchApplication -->
        <test-method signature="checkBlinkText(java.util.HashMap)[pri:0, instance:testSuite.ProductCatalogPageTest@2f16c6b3]" started-at="2024-07-26T12:00:16 IST" name="checkBlinkText" data-provider="CorrectdataPro" finished-at="2024-07-26T12:00:16 IST" duration-ms="698" status="PASS">
          <params>
            <param index="0">
              <value>
                <![CDATA[{password=Iamking@000, product=ZARA COAT 3, username=shetty@gmail.com}]]>
              </value>
            </param>
          </params>
          <reporter-output>
          </reporter-output>
        </test-method> <!-- checkBlinkText -->
        <test-method is-config="true" signature="tearDown()[pri:0, instance:testSuite.ProductCatalogPageTest@2f16c6b3]" started-at="2024-07-26T12:00:16 IST" name="tearDown" finished-at="2024-07-26T12:00:16 IST" duration-ms="178" status="PASS">
          <reporter-output>
          </reporter-output>
        </test-method> <!-- tearDown -->
        <test-method is-config="true" signature="launchApplication()[pri:0, instance:testSuite.ProductCatalogPageTest@2f16c6b3]" started-at="2024-07-26T12:00:16 IST" name="launchApplication" finished-at="2024-07-26T12:00:19 IST" duration-ms="2674" status="PASS">
          <reporter-output>
          </reporter-output>
        </test-method> <!-- launchApplication -->
        <test-method signature="checkBlinkText(java.util.HashMap)[pri:0, instance:testSuite.ProductCatalogPageTest@2f16c6b3]" started-at="2024-07-26T12:00:19 IST" name="checkBlinkText" data-provider="CorrectdataPro" finished-at="2024-07-26T12:00:20 IST" duration-ms="592" status="PASS">
          <params>
            <param index="0">
              <value>
                <![CDATA[{password=Password1234, product=ZARA COAT 3, username=Udemyselenium@gmail.com}]]>
              </value>
            </param>
          </params>
          <reporter-output>
          </reporter-output>
        </test-method> <!-- checkBlinkText -->
        <test-method is-config="true" signature="tearDown()[pri:0, instance:testSuite.ProductCatalogPageTest@2f16c6b3]" started-at="2024-07-26T12:00:20 IST" name="tearDown" finished-at="2024-07-26T12:00:20 IST" duration-ms="225" status="PASS">
          <reporter-output>
          </reporter-output>
        </test-method> <!-- tearDown -->
        <test-method is-config="true" signature="launchApplication()[pri:0, instance:testSuite.ProductCatalogPageTest@2f16c6b3]" started-at="2024-07-26T12:00:20 IST" name="launchApplication" finished-at="2024-07-26T12:00:23 IST" duration-ms="2665" status="PASS">
          <reporter-output>
          </reporter-output>
        </test-method> <!-- launchApplication -->
        <test-method signature="checkBlinkText(java.util.HashMap)[pri:0, instance:testSuite.ProductCatalogPageTest@2f16c6b3]" started-at="2024-07-26T12:00:23 IST" name="checkBlinkText" data-provider="CorrectdataPro" finished-at="2024-07-26T12:00:23 IST" duration-ms="619" status="PASS">
          <params>
            <param index="0">
              <value>
                <![CDATA[{password=Password1234, product=ZARA COAT 3, username=Udemyselenium@gmail.com}]]>
              </value>
            </param>
          </params>
          <reporter-output>
          </reporter-output>
        </test-method> <!-- checkBlinkText -->
        <test-method is-config="true" signature="tearDown()[pri:0, instance:testSuite.ProductCatalogPageTest@2f16c6b3]" started-at="2024-07-26T12:00:23 IST" name="tearDown" finished-at="2024-07-26T12:00:23 IST" duration-ms="184" status="PASS">
          <reporter-output>
          </reporter-output>
        </test-method> <!-- tearDown -->
        <test-method is-config="true" signature="launchApplication()[pri:0, instance:testSuite.ProductCatalogPageTest@2f16c6b3]" started-at="2024-07-26T12:00:23 IST" name="launchApplication" finished-at="2024-07-26T12:00:26 IST" duration-ms="2670" status="PASS">
          <reporter-output>
          </reporter-output>
        </test-method> <!-- launchApplication -->
        <test-method signature="checkBlinkText(java.util.HashMap)[pri:0, instance:testSuite.ProductCatalogPageTest@2f16c6b3]" started-at="2024-07-26T12:00:26 IST" name="checkBlinkText" data-provider="CorrectdataPro" finished-at="2024-07-26T12:00:27 IST" duration-ms="552" status="PASS">
          <params>
            <param index="0">
              <value>
                <![CDATA[{password=Password1234, product=ZARA COAT 3, username=Udemyselenium@gmail.com}]]>
              </value>
            </param>
          </params>
          <reporter-output>
          </reporter-output>
        </test-method> <!-- checkBlinkText -->
        <test-method is-config="true" signature="tearDown()[pri:0, instance:testSuite.ProductCatalogPageTest@2f16c6b3]" started-at="2024-07-26T12:00:27 IST" name="tearDown" finished-at="2024-07-26T12:00:27 IST" duration-ms="177" status="PASS">
          <reporter-output>
          </reporter-output>
        </test-method> <!-- tearDown -->
      </class> <!-- testSuite.ProductCatalogPageTest -->
      <class name="testSuite.LandingPageTests">
        <test-method is-config="true" signature="launchApplication()[pri:0, instance:testSuite.LandingPageTests@2e1ef60]" started-at="2024-07-26T12:01:48 IST" name="launchApplication" finished-at="2024-07-26T12:01:50 IST" duration-ms="2732" status="PASS">
          <reporter-output>
          </reporter-output>
        </test-method> <!-- launchApplication -->
        <test-method signature="errorMessageonLoginTest()[pri:0, instance:testSuite.LandingPageTests@2e1ef60]" started-at="2024-07-26T12:01:50 IST" name="errorMessageonLoginTest" finished-at="2024-07-26T12:01:51 IST" duration-ms="440" status="PASS">
          <reporter-output>
          </reporter-output>
        </test-method> <!-- errorMessageonLoginTest -->
        <test-method is-config="true" signature="tearDown()[pri:0, instance:testSuite.LandingPageTests@2e1ef60]" started-at="2024-07-26T12:01:51 IST" name="tearDown" finished-at="2024-07-26T12:01:51 IST" duration-ms="215" status="PASS">
          <reporter-output>
          </reporter-output>
        </test-method> <!-- tearDown -->
      </class> <!-- testSuite.LandingPageTests -->
    </test> <!-- Test -->
  </suite> <!-- Suite -->
</testng-results>
